<?xml version="1.0" encoding="UTF-8"?>
<!-- Generated by org.testng.reporters.JUnitReportReporter -->
<testsuite hostname="vtpldskblr009" name="com.qa.tests.PostAPITest" tests="1" failures="0" timestamp="17 Jun 2019 11:52:38 GMT" time="2.250" errors="0">
  <testcase name="put" time="2.250" classname="com.qa.tests.PostAPITest"/>
</testsuite> <!-- com.qa.tests.PostAPITest -->
