<?xml version="1.0" encoding="UTF-8"?>
<!-- Generated by org.testng.reporters.JUnitReportReporter -->
<testsuite hostname="vtpldskblr009" name="com.qa.tests.GetAPITest" tests="1" failures="0" timestamp="3 Jun 2019 12:04:32 GMT" time="2.508" errors="0">
  <testcase name="getTest" time="2.508" classname="com.qa.tests.GetAPITest"/>
</testsuite> <!-- com.qa.tests.GetAPITest -->
