<?xml version="1.0" encoding="UTF-8"?>
<!-- Generated by org.testng.reporters.JUnitReportReporter -->
<testsuite hostname="vtpldskblr009" name="com.qa.bdd.api.BDD_TEST" tests="1" failures="0" timestamp="17 Jun 2019 13:00:53 GMT" time="1.616" errors="0">
  <testcase name="number_of_circuits_2017" time="1.616" classname="com.qa.bdd.api.BDD_TEST"/>
</testsuite> <!-- com.qa.bdd.api.BDD_TEST -->
